#
# There is insufficient memory for the Java Runtime Environment to continue.
# Native memory allocation (malloc) failed to allocate 832336 bytes for Chunk::new
# Possible reasons:
#   The system is out of physical RAM or swap space
#   The process is running with CompressedOops enabled, and the Java Heap may be blocking the growth of the native heap
# Possible solutions:
#   Reduce memory load on the system
#   Increase physical memory or swap space
#   Check if swap backing store is full
#   Decrease Java heap size (-Xmx/-Xms)
#   Decrease number of Java threads
#   Decrease Java thread stack sizes (-Xss)
#   Set larger code cache with -XX:ReservedCodeCacheSize=
#   JVM is running with Unscaled Compressed Oops mode in which the Java heap is
#     placed in the first 4GB address space. The Java Heap base address is the
#     maximum limit for the native heap growth. Please use -XX:HeapBaseMinAddress
#     to set the Java Heap base and to place the Java Heap above 4GB virtual address.
# This output file may be truncated or incomplete.
#
#  Out of Memory Error (./open/src/hotspot/share/memory/arena.cpp:195), pid=36512, tid=41444
#
# JRE version: Java(TM) SE Runtime Environment (14.0.2+12) (build 14.0.2+12-46)
# Java VM: Java HotSpot(TM) 64-Bit Server VM (14.0.2+12-46, mixed mode, sharing, tiered, compressed oops, g1 gc, windows-amd64)
# No core dump will be written. Minidumps are not enabled by default on client versions of Windows
#

---------------  S U M M A R Y ------------

Command Line: --add-opens=java.base/java.util=ALL-UNNAMED --add-opens=java.base/java.lang=ALL-UNNAMED --add-opens=java.base/java.lang.invoke=ALL-UNNAMED --add-opens=java.base/java.util=ALL-UNNAMED --add-opens=java.prefs/java.util.prefs=ALL-UNNAMED --add-opens=java.prefs/java.util.prefs=ALL-UNNAMED --add-opens=java.base/java.nio.charset=ALL-UNNAMED --add-opens=java.base/java.net=ALL-UNNAMED --add-opens=java.base/java.util.concurrent.atomic=ALL-UNNAMED -Xmx2048m -Dfile.encoding=UTF-8 -Duser.country=CN -Duser.language=zh -Duser.variant org.gradle.launcher.daemon.bootstrap.GradleDaemon 7.0.2

Host: Intel(R) Core(TM) i5-8265U CPU @ 1.60GHz, 8 cores, 7G,  Windows 10 , 64 bit Build 18362 (10.0.18362.1500)
Time: Fri Aug 20 09:47:18 2021 ?D1¨²¡À¨º¡Á?¨º¡À?? elapsed time: 22 seconds (0d 0h 0m 22s)

---------------  T H R E A D  ---------------

Current thread (0x000002677262b000):  JavaThread "C2 CompilerThread0" daemon [_thread_in_native, id=41444, stack(0x0000008bc3800000,0x0000008bc3900000)]


Current CompileTask:
C2:  22619 6808 %     4       org.gradle.internal.instantiation.generator.AbstractClassGenerator::inspectType @ 207 (560 bytes)

Stack: [0x0000008bc3800000,0x0000008bc3900000]
Native frames: (J=compiled Java code, j=interpreted, Vv=VM code, C=native code)
V  [jvm.dll+0x5f8a9a]
V  [jvm.dll+0x74247a]
V  [jvm.dll+0x743c2f]
V  [jvm.dll+0x744273]
V  [jvm.dll+0x20d288]
V  [jvm.dll+0xabb07]
V  [jvm.dll+0xac1fc]
V  [jvm.dll+0x276db4]
V  [jvm.dll+0x50cffa]
V  [jvm.dll+0x1ee1da]
V  [jvm.dll+0x1e7cfb]
V  [jvm.dll+0x1e4f98]
V  [jvm.dll+0x1779cc]
V  [jvm.dll+0x1f4105]
V  [jvm.dll+0x1f22eb]
V  [jvm.dll+0x7070cd]
V  [jvm.dll+0x6ffeda]
V  [jvm.dll+0x5f78f6]
C  [ucrtbase.dll+0x210b2]
C  [KERNEL32.DLL+0x17c24]
C  [ntdll.dll+0x6d721]


---------------  P R O C E S S  ---------------

Threads class SMR info:
_java_thread_list=0x0000026773f1f380, length=51, elements={
0x0000026752c51800, 0x0000026771d7a000, 0x0000026771d7b800, 0x0000026772627000,
0x0000026772628000, 0x0000026772629000, 0x000002677262b000, 0x0000026772632000,
0x000002677263b800, 0x0000026772767800, 0x000002677276c800, 0x000002677276e000,
0x0000026772768000, 0x0000026772769000, 0x000002677276a000, 0x000002677276a800,
0x000002677276b800, 0x00000267747c7800, 0x00000267747c2000, 0x00000267747c8800,
0x00000267747c2800, 0x00000267747c5000, 0x00000267747c9000, 0x00000267747c3800,
0x00000267747ca000, 0x00000267747c6000, 0x00000267747c4800, 0x00000267747c6800,
0x00000267747cb000, 0x00000267747cb800, 0x00000267747cd000, 0x00000267747cf800,
0x00000267747ce000, 0x00000267747cf000, 0x0000026774936800, 0x0000026774937000,
0x000002677493a800, 0x000002677493b800, 0x0000026774939000, 0x000002677493d000,
0x000002677493c000, 0x000002677493e000, 0x0000026774938000, 0x000002677493e800,
0x000002677493f800, 0x0000026774939800, 0x0000026774944800, 0x0000026774940000,
0x0000026774942000, 0x0000026774941000, 0x0000026774945000
}

Java Threads: ( => current thread )
  0x0000026752c51800 JavaThread "main" [_thread_blocked, id=20280, stack(0x0000008bc2c00000,0x0000008bc2d00000)]
  0x0000026771d7a000 JavaThread "Reference Handler" daemon [_thread_blocked, id=41464, stack(0x0000008bc3300000,0x0000008bc3400000)]
  0x0000026771d7b800 JavaThread "Finalizer" daemon [_thread_blocked, id=40532, stack(0x0000008bc3400000,0x0000008bc3500000)]
  0x0000026772627000 JavaThread "Signal Dispatcher" daemon [_thread_blocked, id=35280, stack(0x0000008bc3500000,0x0000008bc3600000)]
  0x0000026772628000 JavaThread "Attach Listener" daemon [_thread_blocked, id=39620, stack(0x0000008bc3600000,0x0000008bc3700000)]
  0x0000026772629000 JavaThread "Service Thread" daemon [_thread_blocked, id=37636, stack(0x0000008bc3700000,0x0000008bc3800000)]
=>0x000002677262b000 JavaThread "C2 CompilerThread0" daemon [_thread_in_native, id=41444, stack(0x0000008bc3800000,0x0000008bc3900000)]
  0x0000026772632000 JavaThread "C1 CompilerThread0" daemon [_thread_blocked, id=37620, stack(0x0000008bc3900000,0x0000008bc3a00000)]
  0x000002677263b800 JavaThread "Sweeper thread" daemon [_thread_blocked, id=36852, stack(0x0000008bc3a00000,0x0000008bc3b00000)]
  0x0000026772767800 JavaThread "Common-Cleaner" daemon [_thread_blocked, id=41404, stack(0x0000008bc3b00000,0x0000008bc3c00000)]
  0x000002677276c800 JavaThread "Notification Thread" daemon [_thread_blocked, id=34512, stack(0x0000008bc3c00000,0x0000008bc3d00000)]
  0x000002677276e000 JavaThread "Daemon health stats" [_thread_blocked, id=28064, stack(0x0000008bc4100000,0x0000008bc4200000)]
  0x0000026772768000 JavaThread "Incoming local TCP Connector on port 51084" [_thread_in_native, id=40652, stack(0x0000008bc3e00000,0x0000008bc3f00000)]
  0x0000026772769000 JavaThread "Daemon periodic checks" [_thread_blocked, id=37228, stack(0x0000008bc4200000,0x0000008bc4300000)]
  0x000002677276a000 JavaThread "Daemon" [_thread_blocked, id=38364, stack(0x0000008bc4300000,0x0000008bc4400000)]
  0x000002677276a800 JavaThread "Handler for socket connection from /127.0.0.1:51084 to /127.0.0.1:51087" [_thread_in_native, id=38780, stack(0x0000008bc4400000,0x0000008bc4500000)]
  0x000002677276b800 JavaThread "Cancel handler" [_thread_blocked, id=31432, stack(0x0000008bc4500000,0x0000008bc4600000)]
  0x00000267747c7800 JavaThread "Daemon worker" [_thread_in_Java, id=35336, stack(0x0000008bc4600000,0x0000008bc4700000)]
  0x00000267747c2000 JavaThread "Asynchronous log dispatcher for DefaultDaemonConnection: socket connection from /127.0.0.1:51084 to /127.0.0.1:51087" [_thread_blocked, id=5144, stack(0x0000008bc4700000,0x0000008bc4800000)]
  0x00000267747c8800 JavaThread "Stdin handler" [_thread_blocked, id=41668, stack(0x0000008bc4800000,0x0000008bc4900000)]
  0x00000267747c2800 JavaThread "Daemon client event forwarder" [_thread_blocked, id=21056, stack(0x0000008bc4900000,0x0000008bc4a00000)]
  0x00000267747c5000 JavaThread "Cache worker for file hash cache (C:\Users\HDQ\.gradle\caches\7.0.2\fileHashes)" [_thread_blocked, id=39672, stack(0x0000008bc4a00000,0x0000008bc4b00000)]
  0x00000267747c9000 JavaThread "File lock request listener" [_thread_in_native, id=19264, stack(0x0000008bc4b00000,0x0000008bc4c00000)]
  0x00000267747c3800 JavaThread "Cache worker for journal cache (C:\Users\HDQ\.gradle\caches\journal-1)" [_thread_blocked, id=41860, stack(0x0000008bc5100000,0x0000008bc5200000)]
  0x00000267747ca000 JavaThread "Cache worker for file hash cache (C:\Users\HDQ\AndroidStudioProjects\HustHoleTest1\.gradle\7.0.2\fileHashes)" [_thread_blocked, id=39776, stack(0x0000008bc5300000,0x0000008bc5400000)]
  0x00000267747c6000 JavaThread "File watcher server" daemon [_thread_in_native, id=8248, stack(0x0000008bc5400000,0x0000008bc5500000)]
  0x00000267747c4800 JavaThread "File watcher consumer" daemon [_thread_blocked, id=41536, stack(0x0000008bc5500000,0x0000008bc5600000)]
  0x00000267747c6800 JavaThread "Cache worker for checksums cache (C:\Users\HDQ\AndroidStudioProjects\HustHoleTest1\.gradle\checksums)" [_thread_blocked, id=32924, stack(0x0000008bc5600000,0x0000008bc5700000)]
  0x00000267747cb000 JavaThread "Cache worker for cache directory md-supplier (C:\Users\HDQ\.gradle\caches\7.0.2\md-supplier)" [_thread_blocked, id=27532, stack(0x0000008bc5700000,0x0000008bc5800000)]
  0x00000267747cb800 JavaThread "Cache worker for cache directory md-rule (C:\Users\HDQ\.gradle\caches\7.0.2\md-rule)" [_thread_blocked, id=40768, stack(0x0000008bc5800000,0x0000008bc5900000)]
  0x00000267747cd000 JavaThread "Cache worker for execution history cache (C:\Users\HDQ\.gradle\caches\7.0.2\executionHistory)" [_thread_blocked, id=25496, stack(0x0000008bc5a00000,0x0000008bc5b00000)]
  0x00000267747cf800 JavaThread "jar transforms" [_thread_blocked, id=35072, stack(0x0000008bc5b00000,0x0000008bc5c00000)]
  0x00000267747ce000 JavaThread "jar transforms Thread 2" [_thread_blocked, id=26840, stack(0x0000008bc5c00000,0x0000008bc5d00000)]
  0x00000267747cf000 JavaThread "Cache worker for file content cache (C:\Users\HDQ\.gradle\caches\7.0.2\fileContent)" [_thread_blocked, id=34496, stack(0x0000008bc5d00000,0x0000008bc5e00000)]
  0x0000026774936800 JavaThread "Cache worker for dependencies-accessors (C:\Users\HDQ\AndroidStudioProjects\HustHoleTest1\.gradle\7.0.2\dependencies-accessors)" [_thread_blocked, id=13800, stack(0x0000008bc5e00000,0x0000008bc5f00000)]
  0x0000026774937000 JavaThread "jar transforms Thread 3" [_thread_blocked, id=41832, stack(0x0000008bc5f00000,0x0000008bc6000000)]
  0x000002677493a800 JavaThread "Cache worker for Build Output Cleanup Cache (C:\Users\HDQ\AndroidStudioProjects\HustHoleTest1\.gradle\buildOutputCleanup)" [_thread_blocked, id=22796, stack(0x0000008bc6000000,0x0000008bc6100000)]
  0x000002677493b800 JavaThread "Build operations" [_thread_blocked, id=37532, stack(0x0000008bc5200000,0x0000008bc5300000)]
  0x0000026774939000 JavaThread "Build operations Thread 2" [_thread_blocked, id=41792, stack(0x0000008bc6600000,0x0000008bc6700000)]
  0x000002677493d000 JavaThread "Build operations Thread 3" [_thread_blocked, id=29476, stack(0x0000008bc6700000,0x0000008bc6800000)]
  0x000002677493c000 JavaThread "Build operations Thread 4" [_thread_blocked, id=40220, stack(0x0000008bc6800000,0x0000008bc6900000)]
  0x000002677493e000 JavaThread "Build operations Thread 5" [_thread_blocked, id=31376, stack(0x0000008bc6900000,0x0000008bc6a00000)]
  0x0000026774938000 JavaThread "Build operations Thread 6" [_thread_blocked, id=38664, stack(0x0000008bc6a00000,0x0000008bc6b00000)]
  0x000002677493e800 JavaThread "Build operations Thread 7" [_thread_blocked, id=38352, stack(0x0000008bc6b00000,0x0000008bc6c00000)]
  0x000002677493f800 JavaThread "Build operations Thread 8" [_thread_blocked, id=41460, stack(0x0000008bc6c00000,0x0000008bc6d00000)]
  0x0000026774939800 JavaThread "jar transforms Thread 4" [_thread_blocked, id=29984, stack(0x0000008bc6e00000,0x0000008bc6f00000)]
  0x0000026774944800 JavaThread "jar transforms Thread 5" [_thread_blocked, id=31988, stack(0x0000008bc6f00000,0x0000008bc7000000)]
  0x0000026774940000 JavaThread "jar transforms Thread 6" [_thread_blocked, id=28812, stack(0x0000008bc7000000,0x0000008bc7100000)]
  0x0000026774942000 JavaThread "jar transforms Thread 7" [_thread_blocked, id=37056, stack(0x0000008bc7100000,0x0000008bc7200000)]
  0x0000026774941000 JavaThread "jar transforms Thread 8" [_thread_blocked, id=30952, stack(0x0000008bc7200000,0x0000008bc7300000)]
  0x0000026774945000 JavaThread "Memory manager" [_thread_blocked, id=37284, stack(0x0000008bc6d00000,0x0000008bc6e00000)]

Other Threads:
  0x0000026771d79800 VMThread "VM Thread" [stack: 0x0000008bc3200000,0x0000008bc3300000] [id=37836]
  0x000002677278a000 WatcherThread [stack: 0x0000008bc3d00000,0x0000008bc3e00000] [id=15204]
  0x0000026752c92800 GCTaskThread "GC Thread#0" [stack: 0x0000008bc2d00000,0x0000008bc2e00000] [id=31632]
  0x00000267731f2000 GCTaskThread "GC Thread#1" [stack: 0x0000008bc3f00000,0x0000008bc4000000] [id=38432]
  0x0000026773553800 GCTaskThread "GC Thread#2" [stack: 0x0000008bc4000000,0x0000008bc4100000] [id=40292]
  0x00000267746cc800 GCTaskThread "GC Thread#3" [stack: 0x0000008bc4c00000,0x0000008bc4d00000] [id=13028]
  0x000002677472f800 GCTaskThread "GC Thread#4" [stack: 0x0000008bc4d00000,0x0000008bc4e00000] [id=2336]
  0x0000026774730000 GCTaskThread "GC Thread#5" [stack: 0x0000008bc4e00000,0x0000008bc4f00000] [id=41784]
  0x00000267747a3800 GCTaskThread "GC Thread#6" [stack: 0x0000008bc4f00000,0x0000008bc5000000] [id=31552]
  0x00000267747a4000 GCTaskThread "GC Thread#7" [stack: 0x0000008bc5000000,0x0000008bc5100000] [id=36976]
  0x0000026752ca4000 ConcurrentGCThread "G1 Main Marker" [stack: 0x0000008bc2e00000,0x0000008bc2f00000] [id=37632]
  0x0000026752ca5800 ConcurrentGCThread "G1 Conc#0" [stack: 0x0000008bc2f00000,0x0000008bc3000000] [id=35768]
  0x0000026776711000 ConcurrentGCThread "G1 Conc#1" [stack: 0x0000008bc5900000,0x0000008bc5a00000] [id=38828]
  0x0000026771be6800 ConcurrentGCThread "G1 Refine#0" [stack: 0x0000008bc3000000,0x0000008bc3100000] [id=41472]
  0x0000026776c64800 ConcurrentGCThread "G1 Refine#1" [stack: 0x0000008bc6100000,0x0000008bc6200000] [id=41336]
  0x0000026778b76000 ConcurrentGCThread "G1 Refine#2" [stack: 0x0000008bc6200000,0x0000008bc6300000] [id=38084]
  0x0000026774d9b000 ConcurrentGCThread "G1 Refine#3" [stack: 0x0000008bc6300000,0x0000008bc6400000] [id=35992]
  0x0000026776c60000 ConcurrentGCThread "G1 Refine#4" [stack: 0x0000008bc6400000,0x0000008bc6500000] [id=33400]
  0x0000026774c8f800 ConcurrentGCThread "G1 Refine#5" [stack: 0x0000008bc6500000,0x0000008bc6600000] [id=36664]
  0x0000026771be8800 ConcurrentGCThread "G1 Young RemSet Sampling" [stack: 0x0000008bc3100000,0x0000008bc3200000] [id=41496]

Threads with active compile tasks:
C2 CompilerThread0    22732 6808 %     4       org.gradle.internal.instantiation.generator.AbstractClassGenerator::inspectType @ 207 (560 bytes)
C2 CompilerThread1    22732 6811       4       sun.reflect.generics.parser.SignatureParser::parsePackageNameAndSimpleClassTypeSignature (119 bytes)

VM state:not at safepoint (normal execution)

VM Mutex/Monitor currently owned by a thread: None

Heap address: 0x0000000080000000, size: 2048 MB, Compressed Oops mode: 32-bit
Narrow klass base: 0x0000000800000000, Narrow klass shift: 3
Compressed class space size: 1073741824 Address: 0x0000000800b30000

Heap:
 garbage-first heap   total 96256K, used 59165K [0x0000000080000000, 0x0000000100000000)
  region size 1024K, 8 young (8192K), 3 survivors (3072K)
 Metaspace       used 61633K, capacity 63166K, committed 63488K, reserved 1105920K
  class space    used 8340K, capacity 8869K, committed 8960K, reserved 1048576K
Heap Regions: E=young(eden), S=young(survivor), O=old, HS=humongous(starts), HC=humongous(continues), CS=collection set, F=free, OA=open archive, CA=closed archive, TAMS=top-at-mark-start (previous, next)
|   0|0x0000000080000000, 0x0000000080100000, 0x0000000080100000|100%| O|  |TAMS 0x0000000080100000, 0x0000000080000000| Untracked 
|   1|0x0000000080100000, 0x0000000080200000, 0x0000000080200000|100%| O|  |TAMS 0x0000000080200000, 0x0000000080100000| Untracked 
|   2|0x0000000080200000, 0x0000000080300000, 0x0000000080300000|100%|HS|  |TAMS 0x0000000080300000, 0x0000000080200000| Complete 
|   3|0x0000000080300000, 0x0000000080400000, 0x0000000080400000|100%|HS|  |TAMS 0x0000000080400000, 0x0000000080300000| Complete 
|   4|0x0000000080400000, 0x0000000080500000, 0x0000000080500000|100%|HC|  |TAMS 0x0000000080500000, 0x0000000080400000| Complete 
|   5|0x0000000080500000, 0x0000000080600000, 0x0000000080600000|100%|HC|  |TAMS 0x0000000080600000, 0x0000000080500000| Complete 
|   6|0x0000000080600000, 0x0000000080700000, 0x0000000080700000|100%| O|  |TAMS 0x0000000080700000, 0x0000000080600000| Untracked 
|   7|0x0000000080700000, 0x0000000080800000, 0x0000000080800000|100%| O|  |TAMS 0x0000000080800000, 0x0000000080700000| Untracked 
|   8|0x0000000080800000, 0x0000000080900000, 0x0000000080900000|100%| O|  |TAMS 0x0000000080900000, 0x0000000080800000| Untracked 
|   9|0x0000000080900000, 0x0000000080a00000, 0x0000000080a00000|100%| O|  |TAMS 0x0000000080a00000, 0x0000000080900000| Untracked 
|  10|0x0000000080a00000, 0x0000000080b00000, 0x0000000080b00000|100%| O|  |TAMS 0x0000000080b00000, 0x0000000080a00000| Untracked 
|  11|0x0000000080b00000, 0x0000000080c00000, 0x0000000080c00000|100%| O|  |TAMS 0x0000000080c00000, 0x0000000080b00000| Untracked 
|  12|0x0000000080c00000, 0x0000000080d00000, 0x0000000080d00000|100%|HS|  |TAMS 0x0000000080d00000, 0x0000000080c00000| Complete 
|  13|0x0000000080d00000, 0x0000000080e00000, 0x0000000080e00000|100%| O|  |TAMS 0x0000000080e00000, 0x0000000080d00000| Untracked 
|  14|0x0000000080e00000, 0x0000000080f00000, 0x0000000080f00000|100%| O|  |TAMS 0x0000000080f00000, 0x0000000080e00000| Untracked 
|  15|0x0000000080f00000, 0x0000000081000000, 0x0000000081000000|100%| O|  |TAMS 0x0000000081000000, 0x0000000080f00000| Untracked 
|  16|0x0000000081000000, 0x0000000081100000, 0x0000000081100000|100%| O|  |TAMS 0x0000000081100000, 0x0000000081000000| Untracked 
|  17|0x0000000081100000, 0x0000000081200000, 0x0000000081200000|100%|HS|  |TAMS 0x0000000081200000, 0x0000000081100000| Complete 
|  18|0x0000000081200000, 0x0000000081300000, 0x0000000081300000|100%|HC|  |TAMS 0x0000000081300000, 0x0000000081200000| Complete 
|  19|0x0000000081300000, 0x0000000081400000, 0x0000000081400000|100%| O|  |TAMS 0x0000000081400000, 0x0000000081300000| Untracked 
|  20|0x0000000081400000, 0x0000000081500000, 0x0000000081500000|100%| O|  |TAMS 0x0000000081500000, 0x0000000081400000| Untracked 
|  21|0x0000000081500000, 0x0000000081600000, 0x0000000081600000|100%| O|  |TAMS 0x0000000081600000, 0x0000000081500000| Untracked 
|  22|0x0000000081600000, 0x0000000081700000, 0x0000000081700000|100%| O|  |TAMS 0x0000000081700000, 0x0000000081600000| Untracked 
|  23|0x0000000081700000, 0x0000000081800000, 0x0000000081800000|100%| O|  |TAMS 0x0000000081800000, 0x0000000081700000| Untracked 
|  24|0x0000000081800000, 0x0000000081900000, 0x0000000081900000|100%| O|  |TAMS 0x0000000081900000, 0x0000000081800000| Untracked 
|  25|0x0000000081900000, 0x0000000081a00000, 0x0000000081a00000|100%| O|  |TAMS 0x0000000081a00000, 0x0000000081900000| Untracked 
|  26|0x0000000081a00000, 0x0000000081b00000, 0x0000000081b00000|100%| O|  |TAMS 0x0000000081b00000, 0x0000000081a00000| Untracked 
|  27|0x0000000081b00000, 0x0000000081c00000, 0x0000000081c00000|100%| O|  |TAMS 0x0000000081c00000, 0x0000000081b00000| Untracked 
|  28|0x0000000081c00000, 0x0000000081d00000, 0x0000000081d00000|100%| O|  |TAMS 0x0000000081d00000, 0x0000000081c00000| Untracked 
|  29|0x0000000081d00000, 0x0000000081e00000, 0x0000000081e00000|100%| O|  |TAMS 0x0000000081e00000, 0x0000000081d00000| Untracked 
|  30|0x0000000081e00000, 0x0000000081f00000, 0x0000000081f00000|100%| O|  |TAMS 0x0000000081f00000, 0x0000000081e00000| Untracked 
|  31|0x0000000081f00000, 0x0000000082000000, 0x0000000082000000|100%| O|  |TAMS 0x0000000082000000, 0x0000000081f00000| Untracked 
|  32|0x0000000082000000, 0x0000000082100000, 0x0000000082100000|100%| O|  |TAMS 0x0000000082100000, 0x0000000082000000| Untracked 
|  33|0x0000000082100000, 0x0000000082200000, 0x0000000082200000|100%| O|  |TAMS 0x0000000082200000, 0x0000000082100000| Untracked 
|  34|0x0000000082200000, 0x0000000082300000, 0x0000000082300000|100%| O|  |TAMS 0x0000000082300000, 0x0000000082200000| Untracked 
|  35|0x0000000082300000, 0x0000000082400000, 0x0000000082400000|100%| O|  |TAMS 0x0000000082400000, 0x0000000082300000| Untracked 
|  36|0x0000000082400000, 0x0000000082500000, 0x0000000082500000|100%| O|  |TAMS 0x0000000082500000, 0x0000000082400000| Untracked 
|  37|0x0000000082500000, 0x0000000082600000, 0x0000000082600000|100%| O|  |TAMS 0x0000000082600000, 0x0000000082500000| Untracked 
|  38|0x0000000082600000, 0x0000000082700000, 0x0000000082700000|100%| O|  |TAMS 0x0000000082700000, 0x0000000082600000| Untracked 
|  39|0x0000000082700000, 0x0000000082800000, 0x0000000082800000|100%| O|  |TAMS 0x0000000082800000, 0x0000000082700000| Untracked 
|  40|0x0000000082800000, 0x0000000082900000, 0x0000000082900000|100%| O|  |TAMS 0x0000000082900000, 0x0000000082800000| Untracked 
|  41|0x0000000082900000, 0x0000000082a00000, 0x0000000082a00000|100%| O|  |TAMS 0x0000000082a00000, 0x0000000082900000| Untracked 
|  42|0x0000000082a00000, 0x0000000082b00000, 0x0000000082b00000|100%| O|  |TAMS 0x0000000082b00000, 0x0000000082a00000| Untracked 
|  43|0x0000000082b00000, 0x0000000082c00000, 0x0000000082c00000|100%| O|  |TAMS 0x0000000082c00000, 0x0000000082b00000| Untracked 
|  44|0x0000000082c00000, 0x0000000082d00000, 0x0000000082d00000|100%| O|  |TAMS 0x0000000082d00000, 0x0000000082c00000| Untracked 
|  45|0x0000000082d00000, 0x0000000082e00000, 0x0000000082e00000|100%| O|  |TAMS 0x0000000082e00000, 0x0000000082d00000| Untracked 
|  46|0x0000000082e00000, 0x0000000082f00000, 0x0000000082f00000|100%| O|  |TAMS 0x0000000082f00000, 0x0000000082e00000| Untracked 
|  47|0x0000000082f00000, 0x0000000083000000, 0x0000000083000000|100%| O|  |TAMS 0x0000000083000000, 0x0000000082f00000| Untracked 
|  48|0x0000000083000000, 0x0000000083100000, 0x0000000083100000|100%| O|  |TAMS 0x0000000083100000, 0x0000000083000000| Untracked 
|  49|0x0000000083100000, 0x0000000083200000, 0x0000000083200000|100%| O|  |TAMS 0x0000000083200000, 0x0000000083100000| Untracked 
|  50|0x0000000083200000, 0x0000000083300000, 0x0000000083300000|100%| O|  |TAMS 0x0000000083300000, 0x0000000083200000| Untracked 
|  51|0x0000000083300000, 0x0000000083322a00, 0x0000000083400000| 13%| O|  |TAMS 0x0000000083322a00, 0x0000000083300000| Untracked 
|  52|0x0000000083400000, 0x0000000083400000, 0x0000000083500000|  0%| F|  |TAMS 0x0000000083400000, 0x0000000083400000| Untracked 
|  53|0x0000000083500000, 0x0000000083500000, 0x0000000083600000|  0%| F|  |TAMS 0x0000000083500000, 0x0000000083500000| Untracked 
|  54|0x0000000083600000, 0x0000000083600000, 0x0000000083700000|  0%| F|  |TAMS 0x0000000083600000, 0x0000000083600000| Untracked 
|  55|0x0000000083700000, 0x0000000083700000, 0x0000000083800000|  0%| F|  |TAMS 0x0000000083700000, 0x0000000083700000| Untracked 
|  56|0x0000000083800000, 0x0000000083800000, 0x0000000083900000|  0%| F|  |TAMS 0x0000000083800000, 0x0000000083800000| Untracked 
|  57|0x0000000083900000, 0x0000000083900000, 0x0000000083a00000|  0%| F|  |TAMS 0x0000000083900000, 0x0000000083900000| Untracked 
|  58|0x0000000083a00000, 0x0000000083a00000, 0x0000000083b00000|  0%| F|  |TAMS 0x0000000083a00000, 0x0000000083a00000| Untracked 
|  59|0x0000000083b00000, 0x0000000083b00000, 0x0000000083c00000|  0%| F|  |TAMS 0x0000000083b00000, 0x0000000083b00000| Untracked 
|  60|0x0000000083c00000, 0x0000000083c00000, 0x0000000083d00000|  0%| F|  |TAMS 0x0000000083c00000, 0x0000000083c00000| Untracked 
|  61|0x0000000083d00000, 0x0000000083d00000, 0x0000000083e00000|  0%| F|  |TAMS 0x0000000083d00000, 0x0000000083d00000| Untracked 
|  62|0x0000000083e00000, 0x0000000083e00000, 0x0000000083f00000|  0%| F|  |TAMS 0x0000000083e00000, 0x0000000083e00000| Untracked 
|  63|0x0000000083f00000, 0x0000000083fa4b28, 0x0000000084000000| 64%| S|CS|TAMS 0x0000000083f00000, 0x0000000083f00000| Complete 
|  64|0x0000000084000000, 0x0000000084100000, 0x0000000084100000|100%| S|CS|TAMS 0x0000000084000000, 0x0000000084000000| Complete 
|  65|0x0000000084100000, 0x0000000084200000, 0x0000000084200000|100%| S|CS|TAMS 0x0000000084100000, 0x0000000084100000| Complete 
|  66|0x0000000084200000, 0x0000000084200000, 0x0000000084300000|  0%| F|  |TAMS 0x0000000084200000, 0x0000000084200000| Untracked 
|  67|0x0000000084300000, 0x0000000084300000, 0x0000000084400000|  0%| F|  |TAMS 0x0000000084300000, 0x0000000084300000| Untracked 
|  68|0x0000000084400000, 0x0000000084400000, 0x0000000084500000|  0%| F|  |TAMS 0x0000000084400000, 0x0000000084400000| Untracked 
|  69|0x0000000084500000, 0x0000000084500000, 0x0000000084600000|  0%| F|  |TAMS 0x0000000084500000, 0x0000000084500000| Untracked 
|  70|0x0000000084600000, 0x0000000084600000, 0x0000000084700000|  0%| F|  |TAMS 0x0000000084600000, 0x0000000084600000| Untracked 
|  71|0x0000000084700000, 0x0000000084700000, 0x0000000084800000|  0%| F|  |TAMS 0x0000000084700000, 0x0000000084700000| Untracked 
|  72|0x0000000084800000, 0x0000000084800000, 0x0000000084900000|  0%| F|  |TAMS 0x0000000084800000, 0x0000000084800000| Untracked 
|  73|0x0000000084900000, 0x0000000084900000, 0x0000000084a00000|  0%| F|  |TAMS 0x0000000084900000, 0x0000000084900000| Untracked 
|  74|0x0000000084a00000, 0x0000000084a00000, 0x0000000084b00000|  0%| F|  |TAMS 0x0000000084a00000, 0x0000000084a00000| Untracked 
|  75|0x0000000084b00000, 0x0000000084b00000, 0x0000000084c00000|  0%| F|  |TAMS 0x0000000084b00000, 0x0000000084b00000| Untracked 
|  76|0x0000000084c00000, 0x0000000084c00000, 0x0000000084d00000|  0%| F|  |TAMS 0x0000000084c00000, 0x0000000084c00000| Untracked 
|  77|0x0000000084d00000, 0x0000000084d00000, 0x0000000084e00000|  0%| F|  |TAMS 0x0000000084d00000, 0x0000000084d00000| Untracked 
|  78|0x0000000084e00000, 0x0000000084e00000, 0x0000000084f00000|  0%| F|  |TAMS 0x0000000084e00000, 0x0000000084e00000| Untracked 
|  79|0x0000000084f00000, 0x0000000084f00000, 0x0000000085000000|  0%| F|  |TAMS 0x0000000084f00000, 0x0000000084f00000| Untracked 
|  80|0x0000000085000000, 0x0000000085000000, 0x0000000085100000|  0%| F|  |TAMS 0x0000000085000000, 0x0000000085000000| Untracked 
|  81|0x0000000085100000, 0x0000000085100000, 0x0000000085200000|  0%| F|  |TAMS 0x0000000085100000, 0x0000000085100000| Untracked 
|  82|0x0000000085200000, 0x0000000085200000, 0x0000000085300000|  0%| F|  |TAMS 0x0000000085200000, 0x0000000085200000| Untracked 
|  83|0x0000000085300000, 0x0000000085300000, 0x0000000085400000|  0%| F|  |TAMS 0x0000000085300000, 0x0000000085300000| Untracked 
|  84|0x0000000085400000, 0x0000000085400000, 0x0000000085500000|  0%| F|  |TAMS 0x0000000085400000, 0x0000000085400000| Untracked 
|  85|0x0000000085500000, 0x0000000085500000, 0x0000000085600000|  0%| F|  |TAMS 0x0000000085500000, 0x0000000085500000| Untracked 
|  86|0x0000000085600000, 0x0000000085600000, 0x0000000085700000|  0%| F|  |TAMS 0x0000000085600000, 0x0000000085600000| Untracked 
|  87|0x0000000085700000, 0x0000000085700000, 0x0000000085800000|  0%| F|  |TAMS 0x0000000085700000, 0x0000000085700000| Untracked 
|  88|0x0000000085800000, 0x0000000085800000, 0x0000000085900000|  0%| F|  |TAMS 0x0000000085800000, 0x0000000085800000| Untracked 
|  89|0x0000000085900000, 0x00000000859cb6d0, 0x0000000085a00000| 79%| E|  |TAMS 0x0000000085900000, 0x0000000085900000| Complete 
| 110|0x0000000086e00000, 0x0000000086f00000, 0x0000000086f00000|100%| E|CS|TAMS 0x0000000086e00000, 0x0000000086e00000| Complete 
| 111|0x0000000086f00000, 0x0000000087000000, 0x0000000087000000|100%| E|CS|TAMS 0x0000000086f00000, 0x0000000086f00000| Complete 
| 112|0x0000000087000000, 0x0000000087100000, 0x0000000087100000|100%| E|CS|TAMS 0x0000000087000000, 0x0000000087000000| Complete 
| 125|0x0000000087d00000, 0x0000000087e00000, 0x0000000087e00000|100%| E|CS|TAMS 0x0000000087d00000, 0x0000000087d00000| Complete 

Card table byte_map: [0x000002676ab20000,0x000002676af20000] _byte_map_base: 0x000002676a720000

Marking Bits (Prev, Next): (CMBitMap*) 0x0000026752c933d8, (CMBitMap*) 0x0000026752c93418
 Prev Bits: [0x000002676b320000, 0x000002676d320000)
 Next Bits: [0x000002676d320000, 0x000002676f320000)

Polling page: 0x0000026750c30000

Metaspace:

Usage:
  Non-class:     53.03 MB capacity,    52.06 MB ( 98%) used,   844.83 KB (  2%) free+waste,   156.25 KB ( <1%) overhead. 
      Class:      8.66 MB capacity,     8.15 MB ( 94%) used,   454.27 KB (  5%) free+waste,    74.25 KB ( <1%) overhead. 
       Both:     61.70 MB capacity,    60.20 MB ( 98%) used,     1.27 MB (  2%) free+waste,   230.50 KB ( <1%) overhead. 

Virtual space:
  Non-class space:       56.00 MB reserved,      53.25 MB ( 95%) committed 
      Class space:        1.00 GB reserved,       8.75 MB ( <1%) committed 
             Both:        1.05 GB reserved,      62.00 MB (  6%) committed 

Chunk freelists:
   Non-Class:  29.00 KB
       Class:  25.00 KB
        Both:  54.00 KB

MaxMetaspaceSize: 17179869184.00 GB
CompressedClassSpaceSize: 1.00 GB

CodeHeap 'non-profiled nmethods': size=120000Kb used=3853Kb max_used=3853Kb free=116146Kb
 bounds [0x0000026762ec0000, 0x0000026763290000, 0x000002676a3f0000]
CodeHeap 'profiled nmethods': size=120000Kb used=12804Kb max_used=12804Kb free=107195Kb
 bounds [0x000002675b990000, 0x000002675c620000, 0x0000026762ec0000]
CodeHeap 'non-nmethods': size=5760Kb used=2382Kb max_used=2449Kb free=3377Kb
 bounds [0x000002675b3f0000, 0x000002675b660000, 0x000002675b990000]
 total_blobs=6954 nmethods=6084 adapters=782
 compilation: enabled
              stopped_count=0, restarted_count=0
 full_count=0

Compilation events (20 events):
Event: 22.291 Thread 0x0000026772632000 nmethod 6809 0x000002675c601010 code [0x000002675c6011c0, 0x000002675c6012c8]
Event: 22.315 Thread 0x000002677262b000 nmethod 6806 0x0000026763280810 code [0x0000026763280b20, 0x0000026763281938]
Event: 22.315 Thread 0x000002677262b000 6808 %     4       org.gradle.internal.instantiation.generator.AbstractClassGenerator::inspectType @ 207 (560 bytes)
Event: 22.392 Thread 0x0000026772632000 6813       3       org.gradle.internal.reflect.JavaPropertyReflectionUtil::getAnnotation (7 bytes)
Event: 22.392 Thread 0x0000026772632000 nmethod 6813 0x000002675c601390 code [0x000002675c601520, 0x000002675c601628]
Event: 22.521 Thread 0x0000026772632000 6814       1       org.codehaus.groovy.runtime.metaclass.MetaClassRegistryImpl::getMetaClassCreationHandler (5 bytes)
Event: 22.521 Thread 0x0000026772632000 nmethod 6814 0x0000026763282010 code [0x00000267632821a0, 0x0000026763282278]
Event: 22.536 Thread 0x0000026772632000 6815   !   3       com.sun.beans.introspect.PropertyInfo::initialize (374 bytes)
Event: 22.544 Thread 0x0000026772632000 nmethod 6815 0x000002675c601710 code [0x000002675c601da0, 0x000002675c605828]
Event: 22.550 Thread 0x0000026772632000 6816       3       sun.reflect.generics.repository.ConstructorRepository::<init> (7 bytes)
Event: 22.551 Thread 0x0000026772632000 nmethod 6816 0x000002675c607210 code [0x000002675c607420, 0x000002675c607bc8]
Event: 22.555 Thread 0x0000026772632000 6817       3       org.gradle.api.internal.DefaultDomainObjectCollection$IteratorImpl::next (18 bytes)
Event: 22.555 Thread 0x0000026772632000 nmethod 6817 0x000002675c607e90 code [0x000002675c608040, 0x000002675c608288]
Event: 22.609 Thread 0x0000026772632000 6818       3       java.lang.String::contains (19 bytes)
Event: 22.610 Thread 0x0000026772632000 nmethod 6818 0x000002675c608390 code [0x000002675c608540, 0x000002675c6087d8]
Event: 22.610 Thread 0x0000026772632000 6819       3       com.google.common.cache.LocalCache$LocalLoadingCache::get (9 bytes)
Event: 22.611 Thread 0x0000026772632000 nmethod 6819 0x000002675c608890 code [0x000002675c608aa0, 0x000002675c609118]
Event: 22.611 Thread 0x0000026772632000 6820       3       com.google.common.cache.LocalCache::getOrLoad (10 bytes)
Event: 22.611 Thread 0x0000026772632000 nmethod 6820 0x000002675c609410 code [0x000002675c609620, 0x000002675c609c18]
Event: 22.612 Thread 0x0000026772632000 6821   !   3       org.gradle.internal.operations.UnmanagedBuildOperationWrapper::runWithUnmanagedSupport (32 bytes)

GC Heap History (20 events):
Event: 12.990 GC heap before
{Heap before GC invocations=17 (full 0):
 garbage-first heap   total 75776K, used 59142K [0x0000000080000000, 0x0000000100000000)
  region size 1024K, 18 young (18432K), 1 survivors (1024K)
 Metaspace       used 44314K, capacity 45692K, committed 45952K, reserved 1089536K
  class space    used 6038K, capacity 6503K, committed 6528K, reserved 1048576K
}
Event: 12.992 GC heap after
{Heap after GC invocations=18 (full 0):
 garbage-first heap   total 75776K, used 43235K [0x0000000080000000, 0x0000000100000000)
  region size 1024K, 2 young (2048K), 2 survivors (2048K)
 Metaspace       used 44314K, capacity 45692K, committed 45952K, reserved 1089536K
  class space    used 6038K, capacity 6503K, committed 6528K, reserved 1048576K
}
Event: 13.337 GC heap before
{Heap before GC invocations=18 (full 0):
 garbage-first heap   total 75776K, used 60643K [0x0000000080000000, 0x0000000100000000)
  region size 1024K, 19 young (19456K), 2 survivors (2048K)
 Metaspace       used 47079K, capacity 48380K, committed 48512K, reserved 1091584K
  class space    used 6323K, capacity 6781K, committed 6784K, reserved 1048576K
}
Event: 13.340 GC heap after
{Heap after GC invocations=19 (full 0):
 garbage-first heap   total 75776K, used 43717K [0x0000000080000000, 0x0000000100000000)
  region size 1024K, 2 young (2048K), 2 survivors (2048K)
 Metaspace       used 47079K, capacity 48380K, committed 48512K, reserved 1091584K
  class space    used 6323K, capacity 6781K, committed 6784K, reserved 1048576K
}
Event: 13.909 GC heap before
{Heap before GC invocations=20 (full 0):
 garbage-first heap   total 78848K, used 60101K [0x0000000080000000, 0x0000000100000000)
  region size 1024K, 19 young (19456K), 2 survivors (2048K)
 Metaspace       used 49944K, capacity 51405K, committed 51584K, reserved 1093632K
  class space    used 6695K, capacity 7189K, committed 7296K, reserved 1048576K
}
Event: 13.915 GC heap after
{Heap after GC invocations=21 (full 0):
 garbage-first heap   total 78848K, used 44788K [0x0000000080000000, 0x0000000100000000)
  region size 1024K, 3 young (3072K), 3 survivors (3072K)
 Metaspace       used 49944K, capacity 51405K, committed 51584K, reserved 1093632K
  class space    used 6695K, capacity 7189K, committed 7296K, reserved 1048576K
}
Event: 15.691 GC heap before
{Heap before GC invocations=21 (full 0):
 garbage-first heap   total 78848K, used 63220K [0x0000000080000000, 0x0000000100000000)
  region size 1024K, 22 young (22528K), 3 survivors (3072K)
 Metaspace       used 51839K, capacity 53182K, committed 53248K, reserved 1095680K
  class space    used 6919K, capacity 7397K, committed 7424K, reserved 1048576K
}
Event: 15.697 GC heap after
{Heap after GC invocations=22 (full 0):
 garbage-first heap   total 78848K, used 47005K [0x0000000080000000, 0x0000000100000000)
  region size 1024K, 3 young (3072K), 3 survivors (3072K)
 Metaspace       used 51839K, capacity 53182K, committed 53248K, reserved 1095680K
  class space    used 6919K, capacity 7397K, committed 7424K, reserved 1048576K
}
Event: 16.286 GC heap before
{Heap before GC invocations=23 (full 0):
 garbage-first heap   total 80896K, used 64413K [0x0000000080000000, 0x0000000100000000)
  region size 1024K, 20 young (20480K), 3 survivors (3072K)
 Metaspace       used 53737K, capacity 55212K, committed 55296K, reserved 1097728K
  class space    used 7159K, capacity 7661K, committed 7680K, reserved 1048576K
}
Event: 16.289 GC heap after
{Heap after GC invocations=24 (full 0):
 garbage-first heap   total 80896K, used 48375K [0x0000000080000000, 0x0000000100000000)
  region size 1024K, 2 young (2048K), 2 survivors (2048K)
 Metaspace       used 53737K, capacity 55212K, committed 55296K, reserved 1097728K
  class space    used 7159K, capacity 7661K, committed 7680K, reserved 1048576K
}
Event: 16.644 GC heap before
{Heap before GC invocations=24 (full 0):
 garbage-first heap   total 80896K, used 56567K [0x0000000080000000, 0x0000000100000000)
  region size 1024K, 11 young (11264K), 2 survivors (2048K)
 Metaspace       used 54660K, capacity 56110K, committed 56192K, reserved 1097728K
  class space    used 7247K, capacity 7767K, committed 7808K, reserved 1048576K
}
Event: 16.648 GC heap after
{Heap after GC invocations=25 (full 0):
 garbage-first heap   total 80896K, used 49181K [0x0000000080000000, 0x0000000100000000)
  region size 1024K, 3 young (3072K), 3 survivors (3072K)
 Metaspace       used 54660K, capacity 56110K, committed 56192K, reserved 1097728K
  class space    used 7247K, capacity 7767K, committed 7808K, reserved 1048576K
}
Event: 17.831 GC heap before
{Heap before GC invocations=26 (full 0):
 garbage-first heap   total 89088K, used 67613K [0x0000000080000000, 0x0000000100000000)
  region size 1024K, 20 young (20480K), 3 survivors (3072K)
 Metaspace       used 55516K, capacity 56951K, committed 57088K, reserved 1097728K
  class space    used 7378K, capacity 7872K, committed 7936K, reserved 1048576K
}
Event: 17.837 GC heap after
{Heap after GC invocations=27 (full 0):
 garbage-first heap   total 89088K, used 50506K [0x0000000080000000, 0x0000000100000000)
  region size 1024K, 3 young (3072K), 3 survivors (3072K)
 Metaspace       used 55516K, capacity 56951K, committed 57088K, reserved 1097728K
  class space    used 7378K, capacity 7872K, committed 7936K, reserved 1048576K
}
Event: 19.382 GC heap before
{Heap before GC invocations=27 (full 0):
 garbage-first heap   total 89088K, used 72010K [0x0000000080000000, 0x0000000100000000)
  region size 1024K, 24 young (24576K), 3 survivors (3072K)
 Metaspace       used 56050K, capacity 57482K, committed 57728K, reserved 1099776K
  class space    used 7442K, capacity 7943K, committed 8064K, reserved 1048576K
}
Event: 19.388 GC heap after
{Heap after GC invocations=28 (full 0):
 garbage-first heap   total 89088K, used 52482K [0x0000000080000000, 0x0000000100000000)
  region size 1024K, 2 young (2048K), 2 survivors (2048K)
 Metaspace       used 56050K, capacity 57482K, committed 57728K, reserved 1099776K
  class space    used 7442K, capacity 7943K, committed 8064K, reserved 1048576K
}
Event: 20.234 GC heap before
{Heap before GC invocations=29 (full 0):
 garbage-first heap   total 91136K, used 72962K [0x0000000080000000, 0x0000000100000000)
  region size 1024K, 22 young (22528K), 2 survivors (2048K)
 Metaspace       used 58682K, capacity 60190K, committed 60416K, reserved 1101824K
  class space    used 7875K, capacity 8398K, committed 8448K, reserved 1048576K
}
Event: 20.239 GC heap after
{Heap after GC invocations=30 (full 0):
 garbage-first heap   total 91136K, used 53524K [0x0000000080000000, 0x0000000100000000)
  region size 1024K, 2 young (2048K), 2 survivors (2048K)
 Metaspace       used 58682K, capacity 60190K, committed 60416K, reserved 1101824K
  class space    used 7875K, capacity 8398K, committed 8448K, reserved 1048576K
}
Event: 22.300 GC heap before
{Heap before GC invocations=30 (full 0):
 garbage-first heap   total 91136K, used 75028K [0x0000000080000000, 0x0000000100000000)
  region size 1024K, 23 young (23552K), 2 survivors (2048K)
 Metaspace       used 61314K, capacity 62864K, committed 63232K, reserved 1103872K
  class space    used 8306K, capacity 8834K, committed 8960K, reserved 1048576K
}
Event: 22.306 GC heap after
{Heap after GC invocations=31 (full 0):
 garbage-first heap   total 91136K, used 55069K [0x0000000080000000, 0x0000000100000000)
  region size 1024K, 3 young (3072K), 3 survivors (3072K)
 Metaspace       used 61314K, capacity 62864K, committed 63232K, reserved 1103872K
  class space    used 8306K, capacity 8834K, committed 8960K, reserved 1048576K
}

Deoptimization events (20 events):
Event: 17.968 Thread 0x00000267747c7800 Uncommon trap: trap_request=0xffffffde fr.pc=0x00000267630d4ba4 relative=0x0000000000000a84
Event: 17.968 Thread 0x00000267747c7800 Uncommon trap: reason=class_check action=maybe_recompile pc=0x00000267630d4ba4 method=java.util.WeakHashMap.eq(Ljava/lang/Object;Ljava/lang/Object;)Z @ 7 c2
Event: 17.968 Thread 0x00000267747c7800 DEOPT PACKING pc=0x00000267630d4ba4 sp=0x0000008bc46f5b20
Event: 17.968 Thread 0x00000267747c7800 DEOPT UNPACKING pc=0x000002675b43912f sp=0x0000008bc46f5a90 mode 2
Event: 18.450 Thread 0x00000267747c7800 Uncommon trap: trap_request=0xffffff45 fr.pc=0x000002676311d284 relative=0x00000000000063e4
Event: 18.450 Thread 0x00000267747c7800 Uncommon trap: reason=unstable_if action=reinterpret pc=0x000002676311d284 method=org.codehaus.groovy.runtime.metaclass.MetaMethodIndex.isOverridden(Lgroovy/lang/MetaMethod;Lgroovy/lang/MetaMethod;)Z @ 33 c2
Event: 18.450 Thread 0x00000267747c7800 DEOPT PACKING pc=0x000002676311d284 sp=0x0000008bc46f5020
Event: 18.450 Thread 0x00000267747c7800 DEOPT UNPACKING pc=0x000002675b43912f sp=0x0000008bc46f5038 mode 2
Event: 18.459 Thread 0x00000267747c7800 Uncommon trap: trap_request=0xfffffff4 fr.pc=0x000002676320103c relative=0x0000000000000bbc
Event: 18.459 Thread 0x00000267747c7800 Uncommon trap: reason=null_check action=make_not_entrant pc=0x000002676320103c method=com.sun.beans.introspect.MethodInfo$MethodOrder.compare(Ljava/lang/reflect/Method;Ljava/lang/reflect/Method;)I @ 133 c2
Event: 18.459 Thread 0x00000267747c7800 DEOPT PACKING pc=0x000002676320103c sp=0x0000008bc46f4810
Event: 18.459 Thread 0x00000267747c7800 DEOPT UNPACKING pc=0x000002675b43912f sp=0x0000008bc46f47b0 mode 2
Event: 18.955 Thread 0x00000267747c7800 Uncommon trap: trap_request=0xfffffff4 fr.pc=0x0000026763175e34 relative=0x00000000000008f4
Event: 18.955 Thread 0x00000267747c7800 Uncommon trap: reason=null_check action=make_not_entrant pc=0x0000026763175e34 method=org.gradle.util.internal.SimpleMapInterner.intern(Ljava/lang/Object;)Ljava/lang/Object; @ 2 c2
Event: 18.955 Thread 0x00000267747c7800 DEOPT PACKING pc=0x0000026763175e34 sp=0x0000008bc46f7d60
Event: 18.955 Thread 0x00000267747c7800 DEOPT UNPACKING pc=0x000002675b43912f sp=0x0000008bc46f7d28 mode 2
Event: 19.602 Thread 0x00000267747c7800 DEOPT PACKING pc=0x000002675bc7b416 sp=0x0000008bc46f9040
Event: 19.602 Thread 0x00000267747c7800 DEOPT UNPACKING pc=0x000002675b43964e sp=0x0000008bc46f85e0 mode 0
Event: 19.902 Thread 0x00000267747c7800 DEOPT PACKING pc=0x000002675bc7b50d sp=0x0000008bc46f8fc0
Event: 19.902 Thread 0x00000267747c7800 DEOPT UNPACKING pc=0x000002675b43964e sp=0x0000008bc46f8560 mode 0

Classes unloaded (20 events):
Event: 12.105 Thread 0x0000026771d79800 Unloading class 0x00000008010c0040 'org/gradle/api/internal/artifacts/ivyservice/ivyresolve/ErrorHandlingModuleComponentRepository$ErrorHandlingModuleComponentRepositoryAccess$$Lambda$523'
Event: 12.105 Thread 0x0000026771d79800 Unloading class 0x00000008010b1440 'org/gradle/api/internal/artifacts/ivyservice/ivyresolve/ErrorHandlingModuleComponentRepository$ErrorHandlingModuleComponentRepositoryAccess$$Lambda$524'
Event: 12.105 Thread 0x0000026771d79800 Unloading class 0x00000008010b1040 'org/gradle/api/internal/artifacts/ivyservice/ivyresolve/ErrorHandlingModuleComponentRepository$ErrorHandlingModuleComponentRepositoryAccess$$Lambda$521'
Event: 12.105 Thread 0x0000026771d79800 Unloading class 0x00000008010b1840 'org/gradle/api/internal/artifacts/ivyservice/ivyresolve/ErrorHandlingModuleComponentRepository$ErrorHandlingModuleComponentRepositoryAccess$$Lambda$519'
Event: 12.105 Thread 0x0000026771d79800 Unloading class 0x00000008010b2440 'org/gradle/api/internal/artifacts/ivyservice/ivyresolve/ErrorHandlingModuleComponentRepository$ErrorHandlingModuleComponentRepositoryAccess$$Lambda$518'
Event: 12.105 Thread 0x0000026771d79800 Unloading class 0x00000008010b2040 'org/gradle/api/internal/artifacts/ivyservice/ivyresolve/ErrorHandlingModuleComponentRepository$ErrorHandlingModuleComponentRepositoryAccess$$Lambda$514'
Event: 12.105 Thread 0x0000026771d79800 Unloading class 0x00000008010b2c40 'org/gradle/api/internal/artifacts/ivyservice/ivyresolve/ErrorHandlingModuleComponentRepository$ErrorHandlingModuleComponentRepositoryAccess$$Lambda$517'
Event: 12.105 Thread 0x0000026771d79800 Unloading class 0x00000008010b3440 'org/gradle/api/internal/artifacts/ivyservice/ivyresolve/ErrorHandlingModuleComponentRepository$ErrorHandlingModuleComponentRepositoryAccess$$Lambda$515'
Event: 12.105 Thread 0x0000026771d79800 Unloading class 0x00000008010b3040 'org/gradle/api/internal/artifacts/ivyservice/ivyresolve/ErrorHandlingModuleComponentRepository$ErrorHandlingModuleComponentRepositoryAccess$$Lambda$513'
Event: 12.105 Thread 0x0000026771d79800 Unloading class 0x00000008010b3c40 'org/gradle/api/internal/artifacts/ivyservice/ivyresolve/ErrorHandlingModuleComponentRepository$ErrorHandlingModuleComponentRepositoryAccess$$Lambda$512'
Event: 12.105 Thread 0x0000026771d79800 Unloading class 0x00000008010b3840 'org/gradle/api/internal/artifacts/ivyservice/ivyresolve/ErrorHandlingModuleComponentRepository$ErrorHandlingModuleComponentRepositoryAccess$$Lambda$508'
Event: 12.105 Thread 0x0000026771d79800 Unloading class 0x00000008010b4440 'org/gradle/api/internal/artifacts/ivyservice/ivyresolve/ErrorHandlingModuleComponentRepository$ErrorHandlingModuleComponentRepositoryAccess$$Lambda$511'
Event: 12.105 Thread 0x0000026771d79800 Unloading class 0x00000008010b4040 'org/gradle/api/internal/artifacts/ivyservice/ivyresolve/ErrorHandlingModuleComponentRepository$ErrorHandlingModuleComponentRepositoryAccess$$Lambda$506'
Event: 12.105 Thread 0x0000026771d79800 Unloading class 0x00000008010b4840 'org/gradle/api/internal/artifacts/ivyservice/ivyresolve/ErrorHandlingModuleComponentRepository$ErrorHandlingModuleComponentRepositoryAccess$$Lambda$509'
Event: 12.105 Thread 0x0000026771d79800 Unloading class 0x00000008010b5440 'org/gradle/internal/operations/DefaultBuildOperationQueue$WorkerRunnable$$Lambda$504'
Event: 12.105 Thread 0x0000026771d79800 Unloading class 0x00000008010b5040 'org/gradle/internal/operations/DefaultBuildOperationQueue$WorkerRunnable$$Lambda$505'
Event: 12.105 Thread 0x0000026771d79800 Unloading class 0x00000008010b5c40 'org/gradle/internal/operations/DefaultBuildOperationQueue$WorkerRunnable$$Lambda$503'
Event: 12.105 Thread 0x0000026771d79800 Unloading class 0x00000008010b6440 'org/gradle/internal/operations/DefaultBuildOperationQueue$WorkerRunnable$$Lambda$501'
Event: 12.105 Thread 0x0000026771d79800 Unloading class 0x00000008010b6c40 'org/gradle/internal/operations/DefaultBuildOperationQueue$WorkerRunnable$$Lambda$498'
Event: 12.105 Thread 0x0000026771d79800 Unloading class 0x00000008010b6840 'org/gradle/internal/operations/DefaultBuildOperationQueue$WorkerRunnable$$Lambda$499'

Classes redefined (0 events):
No events

Internal exceptions (20 events):
Event: 18.756 Thread 0x00000267747c7800 Exception <a 'java/lang/ClassNotFoundException'{0x0000000084af7410}: org/gradle/api/JavaVersionCustomizer> (0x0000000084af7410) 
thrown [./open/src/hotspot/share/classfile/systemDictionary.cpp, line 226]
Event: 18.771 Thread 0x00000267747c7800 Exception <a 'java/lang/ClassNotFoundException'{0x0000000084950e50}: com/android/build/gradle/internal/CompileOptions_DecoratedBeanInfo> (0x0000000084950e50) 
thrown [./open/src/hotspot/share/classfile/systemDictionary.cpp, line 226]
Event: 18.782 Thread 0x00000267747c7800 Exception <a 'java/lang/ClassNotFoundException'{0x000000008496aa38}: com/android/build/gradle/internal/CompileOptionsBeanInfo> (0x000000008496aa38) 
thrown [./open/src/hotspot/share/classfile/systemDictionary.cpp, line 226]
Event: 18.789 Thread 0x00000267747c7800 Exception <a 'java/lang/ClassNotFoundException'{0x0000000084985050}: com/android/build/gradle/internal/CompileOptionsCustomizer> (0x0000000084985050) 
thrown [./open/src/hotspot/share/classfile/systemDictionary.cpp, line 226]
Event: 18.803 Thread 0x00000267747c7800 Exception <a 'java/lang/ClassNotFoundException'{0x00000000849ac018}: com/android/build/gradle/internal/CompileOptions_DecoratedCustomizer> (0x00000000849ac018) 
thrown [./open/src/hotspot/share/classfile/systemDictionary.cpp, line 226]
Event: 18.882 Thread 0x00000267747c7800 Exception <a 'java/lang/ClassNotFoundException'{0x0000000084789470}: org/gradle/api/internal/file/collections/DefaultConfigurableFileTreeBeanInfo> (0x0000000084789470) 
thrown [./open/src/hotspot/share/classfile/systemDictionary.cpp, line 226]
Event: 18.884 Thread 0x00000267747c7800 Exception <a 'java/lang/ClassNotFoundException'{0x00000000847be038}: org/gradle/api/internal/file/CompositeFileTreeBeanInfo> (0x00000000847be038) 
thrown [./open/src/hotspot/share/classfile/systemDictionary.cpp, line 226]
Event: 18.886 Thread 0x00000267747c7800 Exception <a 'java/lang/ClassNotFoundException'{0x00000000847f5bf0}: org/gradle/api/internal/file/CompositeFileCollectionBeanInfo> (0x00000000847f5bf0) 
thrown [./open/src/hotspot/share/classfile/systemDictionary.cpp, line 226]
Event: 18.890 Thread 0x00000267747c7800 Exception <a 'java/lang/ClassNotFoundException'{0x000000008462dc88}: org/gradle/api/internal/file/AbstractFileCollectionBeanInfo> (0x000000008462dc88) 
thrown [./open/src/hotspot/share/classfile/systemDictionary.cpp, line 226]
Event: 18.893 Thread 0x00000267747c7800 Exception <a 'java/lang/ClassNotFoundException'{0x0000000084665ea8}: org/gradle/api/internal/file/AbstractFileCollectionCustomizer> (0x0000000084665ea8) 
thrown [./open/src/hotspot/share/classfile/systemDictionary.cpp, line 226]
Event: 18.901 Thread 0x00000267747c7800 Exception <a 'java/lang/ClassNotFoundException'{0x00000000846afca0}: org/gradle/api/internal/file/CompositeFileCollectionCustomizer> (0x00000000846afca0) 
thrown [./open/src/hotspot/share/classfile/systemDictionary.cpp, line 226]
Event: 18.906 Thread 0x00000267747c7800 Exception <a 'java/lang/ClassNotFoundException'{0x00000000846ecb10}: org/gradle/api/internal/file/CompositeFileTreeCustomizer> (0x00000000846ecb10) 
thrown [./open/src/hotspot/share/classfile/systemDictionary.cpp, line 226]
Event: 18.911 Thread 0x00000267747c7800 Exception <a 'java/lang/ClassNotFoundException'{0x0000000084535b38}: org/gradle/api/internal/file/collections/DefaultConfigurableFileTreeCustomizer> (0x0000000084535b38) 
thrown [./open/src/hotspot/share/classfile/systemDictionary.cpp, line 226]
Event: 18.955 Thread 0x00000267747c7800 Implicit null exception at 0x0000026763175582 to 0x0000026763175e24
Event: 22.527 Thread 0x00000267747c7800 Exception <a 'java/lang/ClassNotFoundException'{0x000000008701b2a0}: com/android/build/gradle/internal/api/ApkVariantOutputImpl_DecoratedBeanInfo> (0x000000008701b2a0) 
thrown [./open/src/hotspot/share/classfile/systemDictionary.cpp, line 226]
Event: 22.528 Thread 0x00000267747c7800 Exception <a 'java/lang/ClassNotFoundException'{0x0000000087037180}: com/android/build/gradle/internal/api/ApkVariantOutputImplBeanInfo> (0x0000000087037180) 
thrown [./open/src/hotspot/share/classfile/systemDictionary.cpp, line 226]
Event: 22.529 Thread 0x00000267747c7800 Exception <a 'java/lang/ClassNotFoundException'{0x0000000087053810}: com/android/build/gradle/internal/api/BaseVariantOutputImplBeanInfo> (0x0000000087053810) 
thrown [./open/src/hotspot/share/classfile/systemDictionary.cpp, line 226]
Event: 22.530 Thread 0x00000267747c7800 Exception <a 'java/lang/ClassNotFoundException'{0x0000000087070250}: com/android/build/gradle/internal/api/BaseVariantOutputImplCustomizer> (0x0000000087070250) 
thrown [./open/src/hotspot/share/classfile/systemDictionary.cpp, line 226]
Event: 22.535 Thread 0x00000267747c7800 Exception <a 'java/lang/ClassNotFoundException'{0x000000008709efb8}: com/android/build/gradle/internal/api/ApkVariantOutputImplCustomizer> (0x000000008709efb8) 
thrown [./open/src/hotspot/share/classfile/systemDictionary.cpp, line 226]
Event: 22.538 Thread 0x00000267747c7800 Exception <a 'java/lang/ClassNotFoundException'{0x00000000870ca608}: com/android/build/gradle/internal/api/ApkVariantOutputImpl_DecoratedCustomizer> (0x00000000870ca608) 
thrown [./open/src/hotspot/share/classfile/systemDictionary.cpp, line 226]

Events (20 events):
Event: 19.254 Executing VM operation: HandshakeAllThreads done
Event: 19.382 Executing VM operation: G1CollectForAllocation
Event: 19.388 Executing VM operation: G1CollectForAllocation done
Event: 19.463 Executing VM operation: G1Concurrent
Event: 19.467 Executing VM operation: G1Concurrent done
Event: 19.520 Executing VM operation: G1Concurrent
Event: 19.520 Executing VM operation: G1Concurrent done
Event: 19.812 Thread 0x0000026776a81800 Thread exited: 0x0000026776a81800
Event: 20.097 Executing VM operation: HandshakeAllThreads
Event: 20.098 Executing VM operation: HandshakeAllThreads done
Event: 20.234 Executing VM operation: G1CollectForAllocation
Event: 20.239 Executing VM operation: G1CollectForAllocation done
Event: 20.590 Executing VM operation: HandshakeAllThreads
Event: 20.590 Executing VM operation: HandshakeAllThreads done
Event: 22.300 Executing VM operation: G1CollectForAllocation
Event: 22.306 Executing VM operation: G1CollectForAllocation done
Event: 22.397 Executing VM operation: G1Concurrent
Event: 22.402 Executing VM operation: G1Concurrent done
Event: 22.452 Executing VM operation: G1Concurrent
Event: 22.452 Executing VM operation: G1Concurrent done


Dynamic libraries:
0x00007ff6f4a10000 - 0x00007ff6f4a1f000 	C:\Program Files\Java\jdk-14.0.2\bin\java.exe
0x00007ff8965a0000 - 0x00007ff896790000 	C:\WINDOWS\SYSTEM32\ntdll.dll
0x00007ff895a40000 - 0x00007ff895af2000 	C:\WINDOWS\System32\KERNEL32.DLL
0x00007ff893d90000 - 0x00007ff894035000 	C:\WINDOWS\System32\KERNELBASE.dll
0x00007ff894290000 - 0x00007ff89438a000 	C:\WINDOWS\System32\ucrtbase.dll
0x00007ff882b60000 - 0x00007ff882b78000 	C:\Program Files\Java\jdk-14.0.2\bin\jli.dll
0x00007ff882b80000 - 0x00007ff882b95000 	C:\Program Files\Java\jdk-14.0.2\bin\VCRUNTIME140.dll
0x00007ff895990000 - 0x00007ff895a33000 	C:\WINDOWS\System32\ADVAPI32.dll
0x00007ff894650000 - 0x00007ff8946ee000 	C:\WINDOWS\System32\msvcrt.dll
0x00007ff895230000 - 0x00007ff8952c7000 	C:\WINDOWS\System32\sechost.dll
0x00007ff894c60000 - 0x00007ff894d7f000 	C:\WINDOWS\System32\RPCRT4.dll
0x00007ff896250000 - 0x00007ff8963e4000 	C:\WINDOWS\System32\USER32.dll
0x00007ff894260000 - 0x00007ff894281000 	C:\WINDOWS\System32\win32u.dll
0x00007ff87f8c0000 - 0x00007ff87fb44000 	C:\WINDOWS\WinSxS\amd64_microsoft.windows.common-controls_6595b64144ccf1df_6.0.18362.1556_none_9e7e372fe45e41d5\COMCTL32.dll
0x00007ff8951f0000 - 0x00007ff895216000 	C:\WINDOWS\System32\GDI32.dll
0x00007ff895500000 - 0x00007ff895836000 	C:\WINDOWS\System32\combase.dll
0x00007ff8944b0000 - 0x00007ff894648000 	C:\WINDOWS\System32\gdi32full.dll
0x00007ff894060000 - 0x00007ff8940fe000 	C:\WINDOWS\System32\msvcp_win.dll
0x00007ff894390000 - 0x00007ff894411000 	C:\WINDOWS\System32\bcryptPrimitives.dll
0x00007ff886e20000 - 0x00007ff886e2a000 	C:\WINDOWS\SYSTEM32\VERSION.dll
0x00007ff8963f0000 - 0x00007ff89641e000 	C:\WINDOWS\System32\IMM32.DLL
0x00007ff86b7e0000 - 0x00007ff86b87b000 	C:\Program Files\Java\jdk-14.0.2\bin\msvcp140.dll
0x00007ff840de0000 - 0x00007ff8418fe000 	C:\Program Files\Java\jdk-14.0.2\bin\server\jvm.dll
0x00007ff8952d0000 - 0x00007ff8952d8000 	C:\WINDOWS\System32\PSAPI.DLL
0x00007ff88d360000 - 0x00007ff88d384000 	C:\WINDOWS\SYSTEM32\WINMM.dll
0x00007ff872d80000 - 0x00007ff872d89000 	C:\WINDOWS\SYSTEM32\WSOCK32.dll
0x00007ff895340000 - 0x00007ff8953af000 	C:\WINDOWS\System32\WS2_32.dll
0x00007ff88d250000 - 0x00007ff88d27d000 	C:\WINDOWS\SYSTEM32\WINMMBASE.dll
0x00007ff893510000 - 0x00007ff89355a000 	C:\WINDOWS\System32\cfgmgr32.dll
0x00007ff893460000 - 0x00007ff893471000 	C:\WINDOWS\System32\kernel.appcore.dll
0x00007ff883610000 - 0x00007ff88361a000 	C:\Program Files\Java\jdk-14.0.2\bin\jimage.dll
0x00007ff891bf0000 - 0x00007ff891de4000 	C:\WINDOWS\SYSTEM32\DBGHELP.DLL
0x00007ff8726c0000 - 0x00007ff8726ea000 	C:\WINDOWS\SYSTEM32\dbgcore.DLL
0x00007ff87d830000 - 0x00007ff87d855000 	C:\Program Files\Java\jdk-14.0.2\bin\java.dll
0x00007ff87dad0000 - 0x00007ff87dae6000 	C:\Program Files\Java\jdk-14.0.2\bin\zip.dll
0x00007ff895b00000 - 0x00007ff8961e7000 	C:\WINDOWS\System32\SHELL32.dll
0x00007ff8947c0000 - 0x00007ff894868000 	C:\WINDOWS\System32\shcore.dll
0x00007ff893610000 - 0x00007ff893d8b000 	C:\WINDOWS\System32\windows.storage.dll
0x00007ff8934d0000 - 0x00007ff8934ee000 	C:\WINDOWS\System32\profapi.dll
0x00007ff893480000 - 0x00007ff8934ca000 	C:\WINDOWS\System32\powrprof.dll
0x00007ff893450000 - 0x00007ff893460000 	C:\WINDOWS\System32\UMPDC.dll
0x00007ff8952e0000 - 0x00007ff895332000 	C:\WINDOWS\System32\shlwapi.dll
0x00007ff894040000 - 0x00007ff894057000 	C:\WINDOWS\System32\cryptsp.dll
0x00007ff87da30000 - 0x00007ff87da49000 	C:\Program Files\Java\jdk-14.0.2\bin\net.dll
0x00007ff889b10000 - 0x00007ff889c0a000 	C:\WINDOWS\SYSTEM32\WINHTTP.dll
0x00007ff892c90000 - 0x00007ff892cf7000 	C:\WINDOWS\system32\mswsock.dll
0x00007ff87d3c0000 - 0x00007ff87d3d2000 	C:\Program Files\Java\jdk-14.0.2\bin\nio.dll
0x00007ff882b10000 - 0x00007ff882b20000 	C:\Program Files\Java\jdk-14.0.2\bin\verify.dll
0x00007ff87cc80000 - 0x00007ff87cca7000 	C:\Users\HDQ\.gradle\native\8bec1ad78214c89d9ad589b4d07fe93259594b29d510b10fafb7a158f7737e5d\windows-amd64\native-platform.dll
0x00007ff859530000 - 0x00007ff85966d000 	C:\Users\HDQ\.gradle\native\53dbd7edfb1c66fb8903c78663c9afc45aea4f116125fa6feffd364cf09443e8\windows-amd64\native-platform-file-events.dll
0x00007ff886ad0000 - 0x00007ff886ad9000 	C:\Program Files\Java\jdk-14.0.2\bin\management.dll
0x00007ff883bb0000 - 0x00007ff883bbb000 	C:\Program Files\Java\jdk-14.0.2\bin\management_ext.dll
0x00007ff892810000 - 0x00007ff892843000 	C:\WINDOWS\system32\rsaenh.dll
0x00007ff894480000 - 0x00007ff8944a6000 	C:\WINDOWS\System32\bcrypt.dll
0x00007ff893370000 - 0x00007ff893395000 	C:\WINDOWS\SYSTEM32\USERENV.dll
0x00007ff892e60000 - 0x00007ff892e6c000 	C:\WINDOWS\SYSTEM32\CRYPTBASE.dll
0x00007ff8929a0000 - 0x00007ff8929da000 	C:\WINDOWS\SYSTEM32\IPHLPAPI.DLL
0x00007ff894870000 - 0x00007ff894878000 	C:\WINDOWS\System32\NSI.dll
0x00007ff886f10000 - 0x00007ff886f26000 	C:\WINDOWS\SYSTEM32\dhcpcsvc6.DLL
0x00007ff886e00000 - 0x00007ff886e1c000 	C:\WINDOWS\SYSTEM32\dhcpcsvc.DLL
0x00007ff8929e0000 - 0x00007ff892aab000 	C:\WINDOWS\SYSTEM32\DNSAPI.dll

dbghelp: loaded successfully - version: 4.0.5 - missing functions: none
symbol engine: initialized successfully - sym options: 0x614 - pdb path: .;C:\Program Files\Java\jdk-14.0.2\bin;C:\WINDOWS\SYSTEM32;C:\WINDOWS\WinSxS\amd64_microsoft.windows.common-controls_6595b64144ccf1df_6.0.18362.1556_none_9e7e372fe45e41d5;C:\Program Files\Java\jdk-14.0.2\bin\server;C:\Users\HDQ\.gradle\native\8bec1ad78214c89d9ad589b4d07fe93259594b29d510b10fafb7a158f7737e5d\windows-amd64;C:\Users\HDQ\.gradle\native\53dbd7edfb1c66fb8903c78663c9afc45aea4f116125fa6feffd364cf09443e8\windows-amd64

VM Arguments:
jvm_args: --add-opens=java.base/java.util=ALL-UNNAMED --add-opens=java.base/java.lang=ALL-UNNAMED --add-opens=java.base/java.lang.invoke=ALL-UNNAMED --add-opens=java.base/java.util=ALL-UNNAMED --add-opens=java.prefs/java.util.prefs=ALL-UNNAMED --add-opens=java.prefs/java.util.prefs=ALL-UNNAMED --add-opens=java.base/java.nio.charset=ALL-UNNAMED --add-opens=java.base/java.net=ALL-UNNAMED --add-opens=java.base/java.util.concurrent.atomic=ALL-UNNAMED -Xmx2048m -Dfile.encoding=UTF-8 -Duser.country=CN -Duser.language=zh -Duser.variant 
java_command: org.gradle.launcher.daemon.bootstrap.GradleDaemon 7.0.2
java_class_path (initial): C:\Users\HDQ\.gradle\wrapper\dists\gradle-7.0.2-all\7era6s5ay7zsbhuvl0oc9g94s\gradle-7.0.2\lib\gradle-launcher-7.0.2.jar
Launcher Type: SUN_STANDARD

[Global flags]
     intx CICompilerCount                          = 4                                         {product} {ergonomic}
     uint ConcGCThreads                            = 2                                         {product} {ergonomic}
     uint G1ConcRefinementThreads                  = 8                                         {product} {ergonomic}
   size_t G1HeapRegionSize                         = 1048576                                   {product} {ergonomic}
    uintx GCDrainStackTargetSize                   = 64                                        {product} {ergonomic}
   size_t InitialHeapSize                          = 132120576                                 {product} {ergonomic}
   size_t MarkStackSize                            = 4194304                                   {product} {ergonomic}
   size_t MaxHeapSize                              = 2147483648                                {product} {command line}
   size_t MaxNewSize                               = 1287651328                                {product} {ergonomic}
   size_t MinHeapDeltaBytes                        = 1048576                                   {product} {ergonomic}
   size_t MinHeapSize                              = 8388608                                   {product} {ergonomic}
    uintx NonNMethodCodeHeapSize                   = 5839372                                {pd product} {ergonomic}
    uintx NonProfiledCodeHeapSize                  = 122909434                              {pd product} {ergonomic}
    uintx ProfiledCodeHeapSize                     = 122909434                              {pd product} {ergonomic}
    uintx ReservedCodeCacheSize                    = 251658240                              {pd product} {ergonomic}
     bool SegmentedCodeCache                       = true                                      {product} {ergonomic}
   size_t SoftMaxHeapSize                          = 2147483648                             {manageable} {ergonomic}
     bool UseCompressedClassPointers               = true                                 {lp64_product} {ergonomic}
     bool UseCompressedOops                        = true                                 {lp64_product} {ergonomic}
     bool UseG1GC                                  = true                                      {product} {ergonomic}
     bool UseLargePagesIndividualAllocation        = false                                  {pd product} {ergonomic}

Logging:
Log output configuration:
 #0: stdout all=warning uptime,level,tags
 #1: stderr all=off uptime,level,tags

Environment Variables:
JAVA_HOME=C:\Program Files\Java\jdk-14.0.2
CLASSPATH=.;C:\Program Files\Java\jdk-14.0.2\lib;C:\Program Files\Java\jdk-14.0.2\lib\tools.jar
PATH=C:\WINDOWS\system32;C:\WINDOWS;C:\WINDOWS\System32\Wbem;C:\WINDOWS\System32\WindowsPowerShell\v1.0\;C:\WINDOWS\System32\OpenSSH\;C:\Program Files (x86)\Intel\Intel(R) Management Engine Components\DAL;C:\Program Files\Intel\Intel(R) Management Engine Components\DAL;C:\Program Files\Intel\WiFi\bin\;C:\Program Files\Common Files\Intel\WirelessCommon\;C:\Java\jdk-14.0.2\bin;C:\Program Files\Java\jdk-14.0.2\bin;C:\Program Files\TortoiseGit\bin;D:\android-sdk-windows\platform-tools;D:\android-sdk-windows\tools;D:\android-sdk-windows\bulid-tools\29.0.3;C:\Users\HDQ\Documents\Tencent Files\2038912919\FileRecv\Visual C++ 6.0(Ó¢ÎÄ×¨Òµ°²×°°æ)\VC6\Microsoft SDK\bin\winnt;C:\Users\HDQ\Documents\Tencent Files\2038912919\FileRecv\Visual C++ 6.0(Ó¢ÎÄ×¨Òµ°²×°°æ)\VC6\Microsoft SDK\bin;C:\Users\HDQ\Documents\Tencent Files\2038912919\FileRecv\Visual C++ 6.0(Ó¢ÎÄ×¨Òµ°²×°°æ)\VC6\SDK\masm32\bin;C:\Users\HDQ\Documents\Tencent Files\2038912919\FileRecv\Visual C++ 6.0(Ó¢ÎÄ×¨Òµ°²×°°æ)\VC6\Common\Tools\WinNT;C:\Users\HDQ\Documents\Tencent Files\2038912919\FileRecv\Visual C++ 6.0(Ó¢ÎÄ×¨Òµ°²×°°æ)\VC6\Common\MSDev98\Bin;C:\Users\HDQ\Documents\Tencent Files\2038912919\FileRecv\Visual C++ 6.0(Ó¢ÎÄ×¨Òµ°²×°°æ)\VC6\Common\Tools;C:\Users\HDQ\Documents\Tencent Files\2038912919\FileRecv\Visual C++ 6.0(Ó¢ÎÄ×¨Òµ°²×°°æ)\VC6\VC98\bin;C:\Users\HDQ\AppData\Local\gitkraken\bin
USERNAME=HDQ
OS=Windows_NT
PROCESSOR_IDENTIFIER=Intel64 Family 6 Model 142 Stepping 11, GenuineIntel



---------------  S Y S T E M  ---------------

OS: Windows 10 , 64 bit Build 18362 (10.0.18362.1500)
OS uptime: 12 days 22:28 hours

CPU:total 8 (initial active 8) (4 cores per cpu, 2 threads per core) family 6 model 142 stepping 11, cmov, cx8, fxsr, mmx, sse, sse2, sse3, ssse3, sse4.1, sse4.2, popcnt, avx, avx2, aes, clmul, erms, 3dnowpref, lzcnt, ht, tsc, tscinvbit, bmi1, bmi2, adx, fma

Memory: 4k page, system-wide physical 8000M (429M free)
TotalPageFile size 20800M (AvailPageFile size 0M)
current process WorkingSet (physical memory assigned to process): 271M, peak: 287M
current process commit charge ("private bytes"): 329M, peak: 332M

vm_info: Java HotSpot(TM) 64-Bit Server VM (14.0.2+12-46) for windows-amd64 JRE (14.0.2+12-46), built on Jul  9 2020 00:35:52 by "mach5one" with MS VC++ 15.9 (VS2017)

END.
